Using pre-set license
Built from '2020.3/staging' branch; Version is '2020.3.14f1 (d0d1bb862f9d) revision 13685179'; Using compiler version '192528614'; Build Type 'Release'
OS: 'Windows 10 Home; OS build 19043.1110; Version 2009; 64bit' Language: 'en' Physical Memory: 15789 MB
BatchMode: 1, IsHumanControllingUs: 0, StartBugReporterOnCrash: 0, Is64bit: 1, IsPro: 0

 COMMAND LINE ARGUMENTS:
C:\Users\ryan_\OneDrive\Documents\Unity\2020.3.14f1\Editor\Unity.exe
-adb2
-batchMode
-noUpm
-name
AssetImportWorker0
-projectPath
C:/Users/ryan_/Holberton/holbertonschool-unity/0x01-unity_concepts/0x01-unity_concepts
-logFile
Logs/AssetImportWorker0.log
-srvPort
63990
Successfully changed project path to: C:/Users/ryan_/Holberton/holbertonschool-unity/0x01-unity_concepts/0x01-unity_concepts
C:/Users/ryan_/Holberton/holbertonschool-unity/0x01-unity_concepts/0x01-unity_concepts
Using Asset Import Pipeline V2.
Refreshing native plugins compatible for Editor in 173.63 ms, found 2 plugins.
Preloading 0 native plugins for Editor in 0.00 ms.
Initialize engine version: 2020.3.14f1 (d0d1bb862f9d)
[Subsystems] Discovering subsystems at path C:/Users/ryan_/OneDrive/Documents/Unity/2020.3.14f1/Editor/Data/Resources/UnitySubsystems
[Subsystems] Discovering subsystems at path C:/Users/ryan_/Holberton/holbertonschool-unity/0x01-unity_concepts/0x01-unity_concepts/Assets
GfxDevice: creating device client; threaded=0
Direct3D:
    Version:  Direct3D 11.0 [level 11.1]
    Renderer: NVIDIA GeForce RTX 2060 with Max-Q Design (ID=0x1f12)
    Vendor:   
    VRAM:     5980 MB
    Driver:   30.0.14.7111
Initialize mono
Mono path[0] = 'C:/Users/ryan_/OneDrive/Documents/Unity/2020.3.14f1/Editor/Data/Managed'
Mono path[1] = 'C:/Users/ryan_/OneDrive/Documents/Unity/2020.3.14f1/Editor/Data/MonoBleedingEdge/lib/mono/unityjit'
Mono config path = 'C:/Users/ryan_/OneDrive/Documents/Unity/2020.3.14f1/Editor/Data/MonoBleedingEdge/etc'
Using monoOptions --debugger-agent=transport=dt_socket,embedding=1,server=y,suspend=n,address=127.0.0.1:56332
Begin MonoManager ReloadAssembly
Registering precompiled unity dll's ...
Register platform support module: C:/Users/ryan_/OneDrive/Documents/Unity/2020.3.14f1/Editor/Data/PlaybackEngines/MacStandaloneSupport/UnityEditor.OSXStandalone.Extensions.dll
Register platform support module: C:/Users/ryan_/OneDrive/Documents/Unity/2020.3.14f1/Editor/Data/PlaybackEngines/WindowsStandaloneSupport/UnityEditor.WindowsStandalone.Extensions.dll
Register platform support module: C:/Users/ryan_/OneDrive/Documents/Unity/2020.3.14f1/Editor/Data/PlaybackEngines/LinuxStandaloneSupport/UnityEditor.LinuxStandalone.Extensions.dll
Registered in 0.323153 seconds.
Native extension for LinuxStandalone target not found
Native extension for WindowsStandalone target not found
Native extension for OSXStandalone target not found
Refreshing native plugins compatible for Editor in 37.32 ms, found 2 plugins.
Preloading 0 native plugins for Editor in 0.00 ms.
Mono: successfully reloaded assembly
- Completed reload, in  6.263 seconds
Domain Reload Profiling:
	ReloadAssembly (6263ms)
		BeginReloadAssembly (3034ms)
			ExecutionOrderSort (0ms)
			DisableScriptedObjects (0ms)
			BackupInstance (0ms)
			ReleaseScriptingObjects (0ms)
			CreateAndSetChildDomain (1ms)
		EndReloadAssembly (1009ms)
			LoadAssemblies (3046ms)
			RebuildTransferFunctionScriptingTraits (1ms)
			SetupTypeCache (638ms)
			ReleaseScriptCaches (0ms)
			RebuildScriptCaches (43ms)
			SetupLoadedEditorAssemblies (205ms)
				LogAssemblyErrors (0ms)
				InitializePlatformSupportModulesInManaged (9ms)
				SetLoadedEditorAssemblies (0ms)
				RefreshPlugins (37ms)
				BeforeProcessingInitializeOnLoad (8ms)
				ProcessInitializeOnLoadAttributes (107ms)
				ProcessInitializeOnLoadMethodAttributes (44ms)
				AfterProcessingInitializeOnLoad (0ms)
				EditorAssembliesLoaded (0ms)
			ExecutionOrderSort2 (0ms)
			AwakeInstancesAfterBackupRestoration (0ms)
Platform modules already initialized, skipping
Registering precompiled user dll's ...
Registered in 0.649155 seconds.
Begin MonoManager ReloadAssembly
Native extension for LinuxStandalone target not found
Native extension for WindowsStandalone target not found
Native extension for OSXStandalone target not found
Refreshing native plugins compatible for Editor in 0.31 ms, found 2 plugins.
Preloading 0 native plugins for Editor in 0.00 ms.
Mono: successfully reloaded assembly
- Completed reload, in  3.148 seconds
Domain Reload Profiling:
	ReloadAssembly (3154ms)
		BeginReloadAssembly (186ms)
			ExecutionOrderSort (0ms)
			DisableScriptedObjects (6ms)
			BackupInstance (0ms)
			ReleaseScriptingObjects (0ms)
			CreateAndSetChildDomain (24ms)
		EndReloadAssembly (2884ms)
			LoadAssemblies (1584ms)
			RebuildTransferFunctionScriptingTraits (0ms)
			SetupTypeCache (805ms)
			ReleaseScriptCaches (0ms)
			RebuildScriptCaches (38ms)
			SetupLoadedEditorAssemblies (385ms)
				LogAssemblyErrors (0ms)
				InitializePlatformSupportModulesInManaged (7ms)
				SetLoadedEditorAssemblies (0ms)
				RefreshPlugins (0ms)
				BeforeProcessingInitializeOnLoad (47ms)
				ProcessInitializeOnLoadAttributes (322ms)
				ProcessInitializeOnLoadMethodAttributes (3ms)
				AfterProcessingInitializeOnLoad (5ms)
				EditorAssembliesLoaded (0ms)
			ExecutionOrderSort2 (0ms)
			AwakeInstancesAfterBackupRestoration (5ms)
Platform modules already initialized, skipping
========================================================================
Worker process is ready to serve import requests
Launched and connected shader compiler UnityShaderCompiler.exe after 0.08 seconds
Refreshing native plugins compatible for Editor in 0.54 ms, found 2 plugins.
Preloading 0 native plugins for Editor in 0.00 ms.
Unloading 1390 Unused Serialized files (Serialized files now loaded: 0)
System memory in use before: 65.2 MB.
System memory in use after: 65.2 MB.

Unloading 19 unused Assets to reduce memory usage. Loaded Objects now: 1823.
Total: 2.328900 ms (FindLiveObjects: 0.206200 ms CreateObjectMapping: 0.063200 ms MarkObjects: 1.977100 ms  DeleteObjects: 0.081200 ms)

AssetImportParameters requested are different than current active one (requested -> active):
  custom:framework-win-MediaFoundation: 216162199b28c13a410421893ffa2e32 -> 
  custom:video-decoder-ogg-theora: a1e56fd34408186e4bbccfd4996cb3dc -> 
  custom:container-muxer-webm: aa71ff27fc2769a1b78a27578f13a17b -> 
  custom:container-demuxer-webm: 4f35f7cbe854078d1ac9338744f61a02 -> 
  custom:container-demuxer-ogg: 62fdf1f143b41e24485cea50d1cbac27 -> 
  custom:video-encoder-webm-vp8: eb34c28f22e8b96e1ab97ce403110664 -> 
  custom:video-codec-MediaFoundation-h265: 746d11721c4dcdbdad8f713fa42b33f4 -> 
  custom:video-decoder-webm-vp8: 9c59270c3fd7afecdb556c50c9e8de78 -> 
  custom:audio-decoder-ogg-vorbis: bf7c407c2cedff20999df2af8eb42d56 -> 
  custom:audio-encoder-webm-vorbis: bf7c407c2cedff20999df2af8eb42d56 -> 
========================================================================
Received Import Request.
  path: Assets/Scenes
  artifactKey: Guid(2c6b723ef1e3e5441bd913f19829048d) Importer(815301076,1909f56bfc062723c751e8b465ee728b)
Start importing Assets/Scenes using Guid(2c6b723ef1e3e5441bd913f19829048d) Importer(815301076,1909f56bfc062723c751e8b465ee728b)  -> (artifact id: '192f1c35e73dd825a41fbe6fbcbbf798') in 0.010013 seconds 
  Import took 0.013628 seconds .

========================================================================
Received Import Request.
  Time since last request: 812.003971 seconds.
  path: Assets/Scenes/0-floor.unity
  artifactKey: Guid(c5c2c4620eddd434aa430153502beb3e) Importer(815301076,1909f56bfc062723c751e8b465ee728b)
Start importing Assets/Scenes/0-floor.unity using Guid(c5c2c4620eddd434aa430153502beb3e) Importer(815301076,1909f56bfc062723c751e8b465ee728b)  -> (artifact id: '17345d39f3c2330347fc38c0a47a6ffb') in 0.039123 seconds 
  Import took 0.048255 seconds .

========================================================================
Received Import Request.
  Time since last request: 0.029475 seconds.
  path: Assets/Scenes/0-floor.unity
  artifactKey: Guid(c5c2c4620eddd434aa430153502beb3e) Importer(815301076,1909f56bfc062723c751e8b465ee728b)
Start importing Assets/Scenes/0-floor.unity using Guid(c5c2c4620eddd434aa430153502beb3e) Importer(815301076,1909f56bfc062723c751e8b465ee728b)  -> (artifact id: '17345d39f3c2330347fc38c0a47a6ffb') in 0.007476 seconds 
  Import took 0.015446 seconds .

========================================================================
Received Import Request.
  Time since last request: 3.771187 seconds.
  path: Assets/Scenes/1-ball.unity
  artifactKey: Guid(a5c4b1e338766fa41b78b785c8b2f5f2) Importer(815301076,1909f56bfc062723c751e8b465ee728b)
Start importing Assets/Scenes/1-ball.unity using Guid(a5c4b1e338766fa41b78b785c8b2f5f2) Importer(815301076,1909f56bfc062723c751e8b465ee728b)  -> (artifact id: '4fb033c4873c944521d46cad67da92a1') in 0.022269 seconds 
  Import took 0.029430 seconds .

========================================================================
Received Import Request.
  Time since last request: 1.794230 seconds.
  path: Assets/Scenes/2-colors.unity
  artifactKey: Guid(00ec31d9832f07a4d881f3c083699786) Importer(815301076,1909f56bfc062723c751e8b465ee728b)
Start importing Assets/Scenes/2-colors.unity using Guid(00ec31d9832f07a4d881f3c083699786) Importer(815301076,1909f56bfc062723c751e8b465ee728b)  -> (artifact id: '511dbf9cca502c432f2f29615db92500') in 0.021235 seconds 
  Import took 0.029213 seconds .

========================================================================
Received Import Request.
  Time since last request: 52.239292 seconds.
  path: Assets/Scenes/New Folder
  artifactKey: Guid(6045a90b05be846488af0e86b2cb0a92) Importer(815301076,1909f56bfc062723c751e8b465ee728b)
Start importing Assets/Scenes/New Folder using Guid(6045a90b05be846488af0e86b2cb0a92) Importer(815301076,1909f56bfc062723c751e8b465ee728b)  -> (artifact id: '41c540b66012e5879429ed89c3070025') in 0.028123 seconds 
  Import took 0.037439 seconds .

========================================================================
Received Import Request.
  Time since last request: 20.787593 seconds.
  path: Assets/Materials
  artifactKey: Guid(c3908b0771fb7b743afa1359d2509c11) Importer(815301076,1909f56bfc062723c751e8b465ee728b)
Start importing Assets/Materials using Guid(c3908b0771fb7b743afa1359d2509c11) Importer(815301076,1909f56bfc062723c751e8b465ee728b)  -> (artifact id: '1463a4f2e0aaca8b4f3285d42357c322') in 0.019586 seconds 
  Import took 0.027209 seconds .

========================================================================
Received Import Request.
  Time since last request: 40.647952 seconds.
  path: Assets/Materials/Floor.mat
  artifactKey: Guid(b782ae18f2f0ddc41956c22a85743960) Importer(815301076,1909f56bfc062723c751e8b465ee728b)
Start importing Assets/Materials/Floor.mat using Guid(b782ae18f2f0ddc41956c22a85743960) Importer(815301076,1909f56bfc062723c751e8b465ee728b)  -> (artifact id: '46ec8b2cc6ba477b62a8666ba6e74327') in 0.319024 seconds 
  Import took 0.326073 seconds .

========================================================================
Received Import Request.
  Time since last request: 10.791467 seconds.
  path: Assets/Materials/floor.mat
  artifactKey: Guid(b782ae18f2f0ddc41956c22a85743960) Importer(815301076,1909f56bfc062723c751e8b465ee728b)
Start importing Assets/Materials/floor.mat using Guid(b782ae18f2f0ddc41956c22a85743960) Importer(815301076,1909f56bfc062723c751e8b465ee728b)  -> (artifact id: 'cc2e7ceff2f4a15b72ea8028b223259a') in 0.043275 seconds 
  Import took 0.050536 seconds .

========================================================================
Received Import Request.
  Time since last request: 1724.192935 seconds.
  path: Assets/floor.mat
  artifactKey: Guid(887e79cf76485694e995cb44017d8c16) Importer(815301076,1909f56bfc062723c751e8b465ee728b)
Start importing Assets/floor.mat using Guid(887e79cf76485694e995cb44017d8c16) Importer(815301076,1909f56bfc062723c751e8b465ee728b)  -> (artifact id: '3949521ec5da90a30c6dbb4afbb885d0') in 0.043541 seconds 
  Import took 0.050481 seconds .

========================================================================
Received Import Request.
  Time since last request: 736.869670 seconds.
  path: Assets/Materials/floor.mat
  artifactKey: Guid(b782ae18f2f0ddc41956c22a85743960) Importer(815301076,1909f56bfc062723c751e8b465ee728b)
Start importing Assets/Materials/floor.mat using Guid(b782ae18f2f0ddc41956c22a85743960) Importer(815301076,1909f56bfc062723c751e8b465ee728b)  -> (artifact id: 'c48fb8c27882ee56c31673a586517c2d') in 0.056929 seconds 
  Import took 0.064059 seconds .

========================================================================
Received Import Request.
  Time since last request: 204.918423 seconds.
  path: Assets/Materials/ball.mat
  artifactKey: Guid(caf3dc09f01bdc84b9c3391df7077cea) Importer(815301076,1909f56bfc062723c751e8b465ee728b)
Start importing Assets/Materials/ball.mat using Guid(caf3dc09f01bdc84b9c3391df7077cea) Importer(815301076,1909f56bfc062723c751e8b465ee728b)  -> (artifact id: 'aad0e209a2a6850f732e8d959e82bf7e') in 0.034309 seconds 
  Import took 0.046590 seconds .

========================================================================
Received Import Request.
  Time since last request: 44.866591 seconds.
  path: Assets/Materials/ball.mat
  artifactKey: Guid(caf3dc09f01bdc84b9c3391df7077cea) Importer(815301076,1909f56bfc062723c751e8b465ee728b)
Start importing Assets/Materials/ball.mat using Guid(caf3dc09f01bdc84b9c3391df7077cea) Importer(815301076,1909f56bfc062723c751e8b465ee728b)  -> (artifact id: '8a011b24bf654da7d1d41f31898e1672') in 0.055139 seconds 
  Import took 0.064105 seconds .

========================================================================
Received Prepare
Registering precompiled user dll's ...
Registered in 0.029117 seconds.
Begin MonoManager ReloadAssembly
Native extension for LinuxStandalone target not found
Native extension for WindowsStandalone target not found
Native extension for OSXStandalone target not found
Refreshing native plugins compatible for Editor in 1.14 ms, found 4 plugins.
Preloading 0 native plugins for Editor in 0.00 ms.
Mono: successfully reloaded assembly
- Completed reload, in  2.398 seconds
Domain Reload Profiling:
	ReloadAssembly (2399ms)
		BeginReloadAssembly (255ms)
			ExecutionOrderSort (0ms)
			DisableScriptedObjects (12ms)
			BackupInstance (0ms)
			ReleaseScriptingObjects (0ms)
			CreateAndSetChildDomain (65ms)
		EndReloadAssembly (1952ms)
			LoadAssemblies (203ms)
			RebuildTransferFunctionScriptingTraits (0ms)
			SetupTypeCache (639ms)
			ReleaseScriptCaches (1ms)
			RebuildScriptCaches (95ms)
			SetupLoadedEditorAssemblies (784ms)
				LogAssemblyErrors (0ms)
				InitializePlatformSupportModulesInManaged (22ms)
				SetLoadedEditorAssemblies (1ms)
				RefreshPlugins (1ms)
				BeforeProcessingInitializeOnLoad (123ms)
				ProcessInitializeOnLoadAttributes (611ms)
				ProcessInitializeOnLoadMethodAttributes (8ms)
				AfterProcessingInitializeOnLoad (17ms)
				EditorAssembliesLoaded (1ms)
			ExecutionOrderSort2 (0ms)
			AwakeInstancesAfterBackupRestoration (21ms)
Platform modules already initialized, skipping
Refreshing native plugins compatible for Editor in 0.88 ms, found 4 plugins.
Preloading 0 native plugins for Editor in 0.00 ms.
Unloading 1404 Unused Serialized files (Serialized files now loaded: 0)
System memory in use before: 69.1 MB.
System memory in use after: 69.2 MB.

Unloading 31 unused Assets to reduce memory usage. Loaded Objects now: 1910.
Total: 3.911700 ms (FindLiveObjects: 0.258500 ms CreateObjectMapping: 0.089400 ms MarkObjects: 3.449400 ms  DeleteObjects: 0.111500 ms)

AssetImportParameters requested are different than current active one (requested -> active):
  custom:framework-win-MediaFoundation: 216162199b28c13a410421893ffa2e32 -> 
  custom:video-decoder-ogg-theora: a1e56fd34408186e4bbccfd4996cb3dc -> 
  custom:container-muxer-webm: aa71ff27fc2769a1b78a27578f13a17b -> 
  custom:container-demuxer-webm: 4f35f7cbe854078d1ac9338744f61a02 -> 
  custom:container-demuxer-ogg: 62fdf1f143b41e24485cea50d1cbac27 -> 
  custom:video-encoder-webm-vp8: eb34c28f22e8b96e1ab97ce403110664 -> 
  custom:video-codec-MediaFoundation-h265: 746d11721c4dcdbdad8f713fa42b33f4 -> 
  custom:video-decoder-webm-vp8: 9c59270c3fd7afecdb556c50c9e8de78 -> 
  custom:audio-decoder-ogg-vorbis: bf7c407c2cedff20999df2af8eb42d56 -> 
  custom:audio-encoder-webm-vorbis: bf7c407c2cedff20999df2af8eb42d56 -> 
========================================================================
Received Prepare
Registering precompiled user dll's ...
Registered in 0.026013 seconds.
Begin MonoManager ReloadAssembly
Native extension for LinuxStandalone target not found
Native extension for WindowsStandalone target not found
Native extension for OSXStandalone target not found
Refreshing native plugins compatible for Editor in 0.92 ms, found 4 plugins.
Preloading 0 native plugins for Editor in 0.00 ms.
Mono: successfully reloaded assembly
- Completed reload, in  2.459 seconds
Domain Reload Profiling:
	ReloadAssembly (2459ms)
		BeginReloadAssembly (249ms)
			ExecutionOrderSort (0ms)
			DisableScriptedObjects (10ms)
			BackupInstance (0ms)
			ReleaseScriptingObjects (0ms)
			CreateAndSetChildDomain (63ms)
		EndReloadAssembly (2019ms)
			LoadAssemblies (245ms)
			RebuildTransferFunctionScriptingTraits (0ms)
			SetupTypeCache (686ms)
			ReleaseScriptCaches (1ms)
			RebuildScriptCaches (108ms)
			SetupLoadedEditorAssemblies (759ms)
				LogAssemblyErrors (0ms)
				InitializePlatformSupportModulesInManaged (17ms)
				SetLoadedEditorAssemblies (1ms)
				RefreshPlugins (1ms)
				BeforeProcessingInitializeOnLoad (117ms)
				ProcessInitializeOnLoadAttributes (593ms)
				ProcessInitializeOnLoadMethodAttributes (12ms)
				AfterProcessingInitializeOnLoad (18ms)
				EditorAssembliesLoaded (1ms)
			ExecutionOrderSort2 (0ms)
			AwakeInstancesAfterBackupRestoration (14ms)
Platform modules already initialized, skipping
Refreshing native plugins compatible for Editor in 1.05 ms, found 4 plugins.
Preloading 0 native plugins for Editor in 0.00 ms.
Unloading 1404 Unused Serialized files (Serialized files now loaded: 0)
System memory in use before: 69.2 MB.
System memory in use after: 69.3 MB.

Unloading 31 unused Assets to reduce memory usage. Loaded Objects now: 1913.
Total: 4.000300 ms (FindLiveObjects: 0.348200 ms CreateObjectMapping: 0.084600 ms MarkObjects: 3.454100 ms  DeleteObjects: 0.110400 ms)

AssetImportParameters requested are different than current active one (requested -> active):
  custom:framework-win-MediaFoundation: 216162199b28c13a410421893ffa2e32 -> 
  custom:video-decoder-ogg-theora: a1e56fd34408186e4bbccfd4996cb3dc -> 
  custom:container-muxer-webm: aa71ff27fc2769a1b78a27578f13a17b -> 
  custom:container-demuxer-webm: 4f35f7cbe854078d1ac9338744f61a02 -> 
  custom:container-demuxer-ogg: 62fdf1f143b41e24485cea50d1cbac27 -> 
  custom:video-encoder-webm-vp8: eb34c28f22e8b96e1ab97ce403110664 -> 
  custom:video-codec-MediaFoundation-h265: 746d11721c4dcdbdad8f713fa42b33f4 -> 
  custom:video-decoder-webm-vp8: 9c59270c3fd7afecdb556c50c9e8de78 -> 
  custom:audio-decoder-ogg-vorbis: bf7c407c2cedff20999df2af8eb42d56 -> 
  custom:audio-encoder-webm-vorbis: bf7c407c2cedff20999df2af8eb42d56 -> 
AssetImportWorkerClient::OnTransportError - code=2 error=End of file
